ERROR	2021-02-03 10:17:17,036	2	org.hyperledger.fabric.sdk.Channel	[main]	Channel Channel{id: 1, name: mychannel} Sending proposal with transaction: 87cd48649ae2a46a124120fd798ae494bfcc61ede41ebe5c3c459aa75c1c37dd to Peer{ id: 2, name: peer0.org1.example.com, channelName: mychannel, url: grpcs://localhost:7051, mspid: Org1MSP} failed because of: gRPC failure=Status{code=UNKNOWN, description=error validating proposal: access denied: channel [mychannel] creator org [Org1MSP], cause=null}
java.lang.Exception: io.grpc.StatusRuntimeException: UNKNOWN: error validating proposal: access denied: channel [mychannel] creator org [Org1MSP]
	at org.hyperledger.fabric.sdk.Channel.sendProposalToPeers(Channel.java:4965)
	at org.hyperledger.fabric.sdk.Channel.sendProposalToPeers(Channel.java:4868)
	at org.hyperledger.fabric.sdk.Channel.getConfigBlock(Channel.java:941)
	at org.hyperledger.fabric.sdk.Channel.getConfigBlock(Channel.java:907)
	at org.hyperledger.fabric.sdk.Channel.parseConfigBlock(Channel.java:1994)
	at org.hyperledger.fabric.sdk.Channel.loadCACertificates(Channel.java:1831)
	at org.hyperledger.fabric.sdk.Channel.initialize(Channel.java:1222)
	at org.hyperledger.fabric.gateway.impl.NetworkImpl.initializeChannel(NetworkImpl.java:59)
	at org.hyperledger.fabric.gateway.impl.NetworkImpl.<init>(NetworkImpl.java:50)
	at org.hyperledger.fabric.gateway.impl.GatewayImpl.getNetwork(GatewayImpl.java:252)
	at application.java.App.main(App.java:116)
Caused by: io.grpc.StatusRuntimeException: UNKNOWN: error validating proposal: access denied: channel [mychannel] creator org [Org1MSP]
	at io.grpc.Status.asRuntimeException(Status.java:533)
	at io.grpc.stub.ClientCalls$UnaryStreamToFuture.onClose(ClientCalls.java:490)
	at io.grpc.PartialForwardingClientCallListener.onClose(PartialForwardingClientCallListener.java:39)
	at io.grpc.ForwardingClientCallListener.onClose(ForwardingClientCallListener.java:23)
	at io.grpc.ForwardingClientCallListener$SimpleForwardingClientCallListener.onClose(ForwardingClientCallListener.java:40)
	at io.grpc.internal.CensusStatsModule$StatsClientInterceptor$1$1.onClose(CensusStatsModule.java:700)
	at io.grpc.PartialForwardingClientCallListener.onClose(PartialForwardingClientCallListener.java:39)
	at io.grpc.ForwardingClientCallListener.onClose(ForwardingClientCallListener.java:23)
	at io.grpc.ForwardingClientCallListener$SimpleForwardingClientCallListener.onClose(ForwardingClientCallListener.java:40)
	at io.grpc.internal.CensusTracingModule$TracingClientInterceptor$1$1.onClose(CensusTracingModule.java:399)
	at io.grpc.internal.ClientCallImpl.closeObserver(ClientCallImpl.java:510)
	at io.grpc.internal.ClientCallImpl.access$300(ClientCallImpl.java:66)
	at io.grpc.internal.ClientCallImpl$ClientStreamListenerImpl.close(ClientCallImpl.java:630)
	at io.grpc.internal.ClientCallImpl$ClientStreamListenerImpl.access$700(ClientCallImpl.java:518)
	at io.grpc.internal.ClientCallImpl$ClientStreamListenerImpl$1StreamClosed.runInternal(ClientCallImpl.java:692)
	at io.grpc.internal.ClientCallImpl$ClientStreamListenerImpl$1StreamClosed.runInContext(ClientCallImpl.java:681)
	at io.grpc.internal.ContextRunnable.run(ContextRunnable.java:37)
	at io.grpc.internal.SerializingExecutor.run(SerializingExecutor.java:123)
	at java.base/java.util.concurrent.ThreadPoolExecutor.runWorker(ThreadPoolExecutor.java:1128)
	at java.base/java.util.concurrent.ThreadPoolExecutor$Worker.run(ThreadPoolExecutor.java:628)
	at java.base/java.lang.Thread.run(Thread.java:834)
ERROR	2021-02-03 10:17:17,046	12	org.hyperledger.fabric.sdk.Channel	[main]	getConfigBlock for channel mychannel failed with peer peer0.org1.example.com.  Status FAILURE, details: Channel Channel{id: 1, name: mychannel} Sending proposal with transaction: 87cd48649ae2a46a124120fd798ae494bfcc61ede41ebe5c3c459aa75c1c37dd to Peer{ id: 2, name: peer0.org1.example.com, channelName: mychannel, url: grpcs://localhost:7051, mspid: Org1MSP} failed because of: gRPC failure=Status{code=UNKNOWN, description=error validating proposal: access denied: channel [mychannel] creator org [Org1MSP], cause=null}
org.hyperledger.fabric.sdk.exception.ProposalException: getConfigBlock for channel mychannel failed with peer peer0.org1.example.com.  Status FAILURE, details: Channel Channel{id: 1, name: mychannel} Sending proposal with transaction: 87cd48649ae2a46a124120fd798ae494bfcc61ede41ebe5c3c459aa75c1c37dd to Peer{ id: 2, name: peer0.org1.example.com, channelName: mychannel, url: grpcs://localhost:7051, mspid: Org1MSP} failed because of: gRPC failure=Status{code=UNKNOWN, description=error validating proposal: access denied: channel [mychannel] creator org [Org1MSP], cause=null}
	at org.hyperledger.fabric.sdk.Channel.getConfigBlock(Channel.java:952)
	at org.hyperledger.fabric.sdk.Channel.getConfigBlock(Channel.java:907)
	at org.hyperledger.fabric.sdk.Channel.parseConfigBlock(Channel.java:1994)
	at org.hyperledger.fabric.sdk.Channel.loadCACertificates(Channel.java:1831)
	at org.hyperledger.fabric.sdk.Channel.initialize(Channel.java:1222)
	at org.hyperledger.fabric.gateway.impl.NetworkImpl.initializeChannel(NetworkImpl.java:59)
	at org.hyperledger.fabric.gateway.impl.NetworkImpl.<init>(NetworkImpl.java:50)
	at org.hyperledger.fabric.gateway.impl.GatewayImpl.getNetwork(GatewayImpl.java:252)
	at application.java.App.main(App.java:116)
ERROR	2021-02-03 10:17:18,540	1506	org.hyperledger.fabric.sdk.Channel	[main]	Channel Channel{id: 1, name: mychannel} Sending proposal with transaction: 40d23e323c3278b1dd17b02dd96432c0d849f6769e2a3b2476cd1c3450edb551 to Peer{ id: 2, name: peer0.org1.example.com, channelName: mychannel, url: grpcs://localhost:7051, mspid: Org1MSP} failed because of: gRPC failure=Status{code=UNKNOWN, description=error validating proposal: access denied: channel [mychannel] creator org [Org1MSP], cause=null}
java.lang.Exception: io.grpc.StatusRuntimeException: UNKNOWN: error validating proposal: access denied: channel [mychannel] creator org [Org1MSP]
	at org.hyperledger.fabric.sdk.Channel.sendProposalToPeers(Channel.java:4965)
	at org.hyperledger.fabric.sdk.Channel.sendProposalToPeers(Channel.java:4868)
	at org.hyperledger.fabric.sdk.Channel.getConfigBlock(Channel.java:941)
	at org.hyperledger.fabric.sdk.Channel.getConfigBlock(Channel.java:907)
	at org.hyperledger.fabric.sdk.Channel.parseConfigBlock(Channel.java:1994)
	at org.hyperledger.fabric.sdk.Channel.loadCACertificates(Channel.java:1831)
	at org.hyperledger.fabric.sdk.Channel.sendProposalToPeers(Channel.java:4881)
	at org.hyperledger.fabric.sdk.Channel.sendProposalToPeers(Channel.java:4868)
	at org.hyperledger.fabric.sdk.Channel.sendProposal(Channel.java:4844)
	at org.hyperledger.fabric.sdk.Channel.queryByChaincode(Channel.java:4762)
	at org.hyperledger.fabric.gateway.impl.query.QueryImpl.evaluate(QueryImpl.java:35)
	at org.hyperledger.fabric.gateway.impl.query.SingleQueryHandler.evaluate(SingleQueryHandler.java:43)
	at org.hyperledger.fabric.gateway.impl.TransactionImpl.evaluate(TransactionImpl.java:207)
	at org.hyperledger.fabric.gateway.impl.ContractImpl.evaluateTransaction(ContractImpl.java:55)
	at application.java.App.main(App.java:133)
Caused by: io.grpc.StatusRuntimeException: UNKNOWN: error validating proposal: access denied: channel [mychannel] creator org [Org1MSP]
	at io.grpc.Status.asRuntimeException(Status.java:533)
	at io.grpc.stub.ClientCalls$UnaryStreamToFuture.onClose(ClientCalls.java:490)
	at io.grpc.PartialForwardingClientCallListener.onClose(PartialForwardingClientCallListener.java:39)
	at io.grpc.ForwardingClientCallListener.onClose(ForwardingClientCallListener.java:23)
	at io.grpc.ForwardingClientCallListener$SimpleForwardingClientCallListener.onClose(ForwardingClientCallListener.java:40)
	at io.grpc.internal.CensusStatsModule$StatsClientInterceptor$1$1.onClose(CensusStatsModule.java:700)
	at io.grpc.PartialForwardingClientCallListener.onClose(PartialForwardingClientCallListener.java:39)
	at io.grpc.ForwardingClientCallListener.onClose(ForwardingClientCallListener.java:23)
	at io.grpc.ForwardingClientCallListener$SimpleForwardingClientCallListener.onClose(ForwardingClientCallListener.java:40)
	at io.grpc.internal.CensusTracingModule$TracingClientInterceptor$1$1.onClose(CensusTracingModule.java:399)
	at io.grpc.internal.ClientCallImpl.closeObserver(ClientCallImpl.java:510)
	at io.grpc.internal.ClientCallImpl.access$300(ClientCallImpl.java:66)
	at io.grpc.internal.ClientCallImpl$ClientStreamListenerImpl.close(ClientCallImpl.java:630)
	at io.grpc.internal.ClientCallImpl$ClientStreamListenerImpl.access$700(ClientCallImpl.java:518)
	at io.grpc.internal.ClientCallImpl$ClientStreamListenerImpl$1StreamClosed.runInternal(ClientCallImpl.java:692)
	at io.grpc.internal.ClientCallImpl$ClientStreamListenerImpl$1StreamClosed.runInContext(ClientCallImpl.java:681)
	at io.grpc.internal.ContextRunnable.run(ContextRunnable.java:37)
	at io.grpc.internal.SerializingExecutor.run(SerializingExecutor.java:123)
	at java.base/java.util.concurrent.ThreadPoolExecutor.runWorker(ThreadPoolExecutor.java:1128)
	at java.base/java.util.concurrent.ThreadPoolExecutor$Worker.run(ThreadPoolExecutor.java:628)
	at java.base/java.lang.Thread.run(Thread.java:834)
ERROR	2021-02-03 10:17:18,553	1519	org.hyperledger.fabric.sdk.Channel	[main]	getConfigBlock for channel mychannel failed with peer peer0.org1.example.com.  Status FAILURE, details: Channel Channel{id: 1, name: mychannel} Sending proposal with transaction: 40d23e323c3278b1dd17b02dd96432c0d849f6769e2a3b2476cd1c3450edb551 to Peer{ id: 2, name: peer0.org1.example.com, channelName: mychannel, url: grpcs://localhost:7051, mspid: Org1MSP} failed because of: gRPC failure=Status{code=UNKNOWN, description=error validating proposal: access denied: channel [mychannel] creator org [Org1MSP], cause=null}
org.hyperledger.fabric.sdk.exception.ProposalException: getConfigBlock for channel mychannel failed with peer peer0.org1.example.com.  Status FAILURE, details: Channel Channel{id: 1, name: mychannel} Sending proposal with transaction: 40d23e323c3278b1dd17b02dd96432c0d849f6769e2a3b2476cd1c3450edb551 to Peer{ id: 2, name: peer0.org1.example.com, channelName: mychannel, url: grpcs://localhost:7051, mspid: Org1MSP} failed because of: gRPC failure=Status{code=UNKNOWN, description=error validating proposal: access denied: channel [mychannel] creator org [Org1MSP], cause=null}
	at org.hyperledger.fabric.sdk.Channel.getConfigBlock(Channel.java:952)
	at org.hyperledger.fabric.sdk.Channel.getConfigBlock(Channel.java:907)
	at org.hyperledger.fabric.sdk.Channel.parseConfigBlock(Channel.java:1994)
	at org.hyperledger.fabric.sdk.Channel.loadCACertificates(Channel.java:1831)
	at org.hyperledger.fabric.sdk.Channel.sendProposalToPeers(Channel.java:4881)
	at org.hyperledger.fabric.sdk.Channel.sendProposalToPeers(Channel.java:4868)
	at org.hyperledger.fabric.sdk.Channel.sendProposal(Channel.java:4844)
	at org.hyperledger.fabric.sdk.Channel.queryByChaincode(Channel.java:4762)
	at org.hyperledger.fabric.gateway.impl.query.QueryImpl.evaluate(QueryImpl.java:35)
	at org.hyperledger.fabric.gateway.impl.query.SingleQueryHandler.evaluate(SingleQueryHandler.java:43)
	at org.hyperledger.fabric.gateway.impl.TransactionImpl.evaluate(TransactionImpl.java:207)
	at org.hyperledger.fabric.gateway.impl.ContractImpl.evaluateTransaction(ContractImpl.java:55)
	at application.java.App.main(App.java:133)
ERROR	2021-02-03 10:18:22,083	1	org.hyperledger.fabric.sdk.Channel	[main]	Channel Channel{id: 1, name: mychannel} Sending proposal with transaction: 624debf08326089fc59527c73166af766a45910c7adafd9a58416a951d1368a7 to Peer{ id: 2, name: peer0.org1.example.com, channelName: mychannel, url: grpcs://localhost:7051, mspid: Org1MSP} failed because of: gRPC failure=Status{code=UNKNOWN, description=error validating proposal: access denied: channel [mychannel] creator org [Org1MSP], cause=null}
java.lang.Exception: io.grpc.StatusRuntimeException: UNKNOWN: error validating proposal: access denied: channel [mychannel] creator org [Org1MSP]
	at org.hyperledger.fabric.sdk.Channel.sendProposalToPeers(Channel.java:4965)
	at org.hyperledger.fabric.sdk.Channel.sendProposalToPeers(Channel.java:4868)
	at org.hyperledger.fabric.sdk.Channel.getConfigBlock(Channel.java:941)
	at org.hyperledger.fabric.sdk.Channel.getConfigBlock(Channel.java:907)
	at org.hyperledger.fabric.sdk.Channel.parseConfigBlock(Channel.java:1994)
	at org.hyperledger.fabric.sdk.Channel.loadCACertificates(Channel.java:1831)
	at org.hyperledger.fabric.sdk.Channel.initialize(Channel.java:1222)
	at org.hyperledger.fabric.gateway.impl.NetworkImpl.initializeChannel(NetworkImpl.java:59)
	at org.hyperledger.fabric.gateway.impl.NetworkImpl.<init>(NetworkImpl.java:50)
	at org.hyperledger.fabric.gateway.impl.GatewayImpl.getNetwork(GatewayImpl.java:252)
	at application.java.App.main(App.java:116)
Caused by: io.grpc.StatusRuntimeException: UNKNOWN: error validating proposal: access denied: channel [mychannel] creator org [Org1MSP]
	at io.grpc.Status.asRuntimeException(Status.java:533)
	at io.grpc.stub.ClientCalls$UnaryStreamToFuture.onClose(ClientCalls.java:490)
	at io.grpc.PartialForwardingClientCallListener.onClose(PartialForwardingClientCallListener.java:39)
	at io.grpc.ForwardingClientCallListener.onClose(ForwardingClientCallListener.java:23)
	at io.grpc.ForwardingClientCallListener$SimpleForwardingClientCallListener.onClose(ForwardingClientCallListener.java:40)
	at io.grpc.internal.CensusStatsModule$StatsClientInterceptor$1$1.onClose(CensusStatsModule.java:700)
	at io.grpc.PartialForwardingClientCallListener.onClose(PartialForwardingClientCallListener.java:39)
	at io.grpc.ForwardingClientCallListener.onClose(ForwardingClientCallListener.java:23)
	at io.grpc.ForwardingClientCallListener$SimpleForwardingClientCallListener.onClose(ForwardingClientCallListener.java:40)
	at io.grpc.internal.CensusTracingModule$TracingClientInterceptor$1$1.onClose(CensusTracingModule.java:399)
	at io.grpc.internal.ClientCallImpl.closeObserver(ClientCallImpl.java:510)
	at io.grpc.internal.ClientCallImpl.access$300(ClientCallImpl.java:66)
	at io.grpc.internal.ClientCallImpl$ClientStreamListenerImpl.close(ClientCallImpl.java:630)
	at io.grpc.internal.ClientCallImpl$ClientStreamListenerImpl.access$700(ClientCallImpl.java:518)
	at io.grpc.internal.ClientCallImpl$ClientStreamListenerImpl$1StreamClosed.runInternal(ClientCallImpl.java:692)
	at io.grpc.internal.ClientCallImpl$ClientStreamListenerImpl$1StreamClosed.runInContext(ClientCallImpl.java:681)
	at io.grpc.internal.ContextRunnable.run(ContextRunnable.java:37)
	at io.grpc.internal.SerializingExecutor.run(SerializingExecutor.java:123)
	at java.base/java.util.concurrent.ThreadPoolExecutor.runWorker(ThreadPoolExecutor.java:1128)
	at java.base/java.util.concurrent.ThreadPoolExecutor$Worker.run(ThreadPoolExecutor.java:628)
	at java.base/java.lang.Thread.run(Thread.java:834)
ERROR	2021-02-03 10:18:22,090	8	org.hyperledger.fabric.sdk.Channel	[main]	getConfigBlock for channel mychannel failed with peer peer0.org1.example.com.  Status FAILURE, details: Channel Channel{id: 1, name: mychannel} Sending proposal with transaction: 624debf08326089fc59527c73166af766a45910c7adafd9a58416a951d1368a7 to Peer{ id: 2, name: peer0.org1.example.com, channelName: mychannel, url: grpcs://localhost:7051, mspid: Org1MSP} failed because of: gRPC failure=Status{code=UNKNOWN, description=error validating proposal: access denied: channel [mychannel] creator org [Org1MSP], cause=null}
org.hyperledger.fabric.sdk.exception.ProposalException: getConfigBlock for channel mychannel failed with peer peer0.org1.example.com.  Status FAILURE, details: Channel Channel{id: 1, name: mychannel} Sending proposal with transaction: 624debf08326089fc59527c73166af766a45910c7adafd9a58416a951d1368a7 to Peer{ id: 2, name: peer0.org1.example.com, channelName: mychannel, url: grpcs://localhost:7051, mspid: Org1MSP} failed because of: gRPC failure=Status{code=UNKNOWN, description=error validating proposal: access denied: channel [mychannel] creator org [Org1MSP], cause=null}
	at org.hyperledger.fabric.sdk.Channel.getConfigBlock(Channel.java:952)
	at org.hyperledger.fabric.sdk.Channel.getConfigBlock(Channel.java:907)
	at org.hyperledger.fabric.sdk.Channel.parseConfigBlock(Channel.java:1994)
	at org.hyperledger.fabric.sdk.Channel.loadCACertificates(Channel.java:1831)
	at org.hyperledger.fabric.sdk.Channel.initialize(Channel.java:1222)
	at org.hyperledger.fabric.gateway.impl.NetworkImpl.initializeChannel(NetworkImpl.java:59)
	at org.hyperledger.fabric.gateway.impl.NetworkImpl.<init>(NetworkImpl.java:50)
	at org.hyperledger.fabric.gateway.impl.GatewayImpl.getNetwork(GatewayImpl.java:252)
	at application.java.App.main(App.java:116)
ERROR	2021-02-03 10:18:22,863	781	org.hyperledger.fabric.sdk.Channel	[main]	Channel Channel{id: 1, name: mychannel} Sending proposal with transaction: 06550efdcffe092839af333516b071d7bea3b2cbba99bce6ff9e093aa08842a8 to Peer{ id: 2, name: peer0.org1.example.com, channelName: mychannel, url: grpcs://localhost:7051, mspid: Org1MSP} failed because of: gRPC failure=Status{code=UNKNOWN, description=error validating proposal: access denied: channel [mychannel] creator org [Org1MSP], cause=null}
java.lang.Exception: io.grpc.StatusRuntimeException: UNKNOWN: error validating proposal: access denied: channel [mychannel] creator org [Org1MSP]
	at org.hyperledger.fabric.sdk.Channel.sendProposalToPeers(Channel.java:4965)
	at org.hyperledger.fabric.sdk.Channel.sendProposalToPeers(Channel.java:4868)
	at org.hyperledger.fabric.sdk.Channel.getConfigBlock(Channel.java:941)
	at org.hyperledger.fabric.sdk.Channel.getConfigBlock(Channel.java:907)
	at org.hyperledger.fabric.sdk.Channel.parseConfigBlock(Channel.java:1994)
	at org.hyperledger.fabric.sdk.Channel.loadCACertificates(Channel.java:1831)
	at org.hyperledger.fabric.sdk.Channel.sendProposalToPeers(Channel.java:4881)
	at org.hyperledger.fabric.sdk.Channel.sendProposalToPeers(Channel.java:4868)
	at org.hyperledger.fabric.sdk.Channel.sendProposal(Channel.java:4844)
	at org.hyperledger.fabric.sdk.Channel.queryByChaincode(Channel.java:4762)
	at org.hyperledger.fabric.gateway.impl.query.QueryImpl.evaluate(QueryImpl.java:35)
	at org.hyperledger.fabric.gateway.impl.query.SingleQueryHandler.evaluate(SingleQueryHandler.java:43)
	at org.hyperledger.fabric.gateway.impl.TransactionImpl.evaluate(TransactionImpl.java:207)
	at org.hyperledger.fabric.gateway.impl.ContractImpl.evaluateTransaction(ContractImpl.java:55)
	at application.java.App.main(App.java:133)
Caused by: io.grpc.StatusRuntimeException: UNKNOWN: error validating proposal: access denied: channel [mychannel] creator org [Org1MSP]
	at io.grpc.Status.asRuntimeException(Status.java:533)
	at io.grpc.stub.ClientCalls$UnaryStreamToFuture.onClose(ClientCalls.java:490)
	at io.grpc.PartialForwardingClientCallListener.onClose(PartialForwardingClientCallListener.java:39)
	at io.grpc.ForwardingClientCallListener.onClose(ForwardingClientCallListener.java:23)
	at io.grpc.ForwardingClientCallListener$SimpleForwardingClientCallListener.onClose(ForwardingClientCallListener.java:40)
	at io.grpc.internal.CensusStatsModule$StatsClientInterceptor$1$1.onClose(CensusStatsModule.java:700)
	at io.grpc.PartialForwardingClientCallListener.onClose(PartialForwardingClientCallListener.java:39)
	at io.grpc.ForwardingClientCallListener.onClose(ForwardingClientCallListener.java:23)
	at io.grpc.ForwardingClientCallListener$SimpleForwardingClientCallListener.onClose(ForwardingClientCallListener.java:40)
	at io.grpc.internal.CensusTracingModule$TracingClientInterceptor$1$1.onClose(CensusTracingModule.java:399)
	at io.grpc.internal.ClientCallImpl.closeObserver(ClientCallImpl.java:510)
	at io.grpc.internal.ClientCallImpl.access$300(ClientCallImpl.java:66)
	at io.grpc.internal.ClientCallImpl$ClientStreamListenerImpl.close(ClientCallImpl.java:630)
	at io.grpc.internal.ClientCallImpl$ClientStreamListenerImpl.access$700(ClientCallImpl.java:518)
	at io.grpc.internal.ClientCallImpl$ClientStreamListenerImpl$1StreamClosed.runInternal(ClientCallImpl.java:692)
	at io.grpc.internal.ClientCallImpl$ClientStreamListenerImpl$1StreamClosed.runInContext(ClientCallImpl.java:681)
	at io.grpc.internal.ContextRunnable.run(ContextRunnable.java:37)
	at io.grpc.internal.SerializingExecutor.run(SerializingExecutor.java:123)
	at java.base/java.util.concurrent.ThreadPoolExecutor.runWorker(ThreadPoolExecutor.java:1128)
	at java.base/java.util.concurrent.ThreadPoolExecutor$Worker.run(ThreadPoolExecutor.java:628)
	at java.base/java.lang.Thread.run(Thread.java:834)
ERROR	2021-02-03 10:18:22,868	786	org.hyperledger.fabric.sdk.Channel	[main]	getConfigBlock for channel mychannel failed with peer peer0.org1.example.com.  Status FAILURE, details: Channel Channel{id: 1, name: mychannel} Sending proposal with transaction: 06550efdcffe092839af333516b071d7bea3b2cbba99bce6ff9e093aa08842a8 to Peer{ id: 2, name: peer0.org1.example.com, channelName: mychannel, url: grpcs://localhost:7051, mspid: Org1MSP} failed because of: gRPC failure=Status{code=UNKNOWN, description=error validating proposal: access denied: channel [mychannel] creator org [Org1MSP], cause=null}
org.hyperledger.fabric.sdk.exception.ProposalException: getConfigBlock for channel mychannel failed with peer peer0.org1.example.com.  Status FAILURE, details: Channel Channel{id: 1, name: mychannel} Sending proposal with transaction: 06550efdcffe092839af333516b071d7bea3b2cbba99bce6ff9e093aa08842a8 to Peer{ id: 2, name: peer0.org1.example.com, channelName: mychannel, url: grpcs://localhost:7051, mspid: Org1MSP} failed because of: gRPC failure=Status{code=UNKNOWN, description=error validating proposal: access denied: channel [mychannel] creator org [Org1MSP], cause=null}
	at org.hyperledger.fabric.sdk.Channel.getConfigBlock(Channel.java:952)
	at org.hyperledger.fabric.sdk.Channel.getConfigBlock(Channel.java:907)
	at org.hyperledger.fabric.sdk.Channel.parseConfigBlock(Channel.java:1994)
	at org.hyperledger.fabric.sdk.Channel.loadCACertificates(Channel.java:1831)
	at org.hyperledger.fabric.sdk.Channel.sendProposalToPeers(Channel.java:4881)
	at org.hyperledger.fabric.sdk.Channel.sendProposalToPeers(Channel.java:4868)
	at org.hyperledger.fabric.sdk.Channel.sendProposal(Channel.java:4844)
	at org.hyperledger.fabric.sdk.Channel.queryByChaincode(Channel.java:4762)
	at org.hyperledger.fabric.gateway.impl.query.QueryImpl.evaluate(QueryImpl.java:35)
	at org.hyperledger.fabric.gateway.impl.query.SingleQueryHandler.evaluate(SingleQueryHandler.java:43)
	at org.hyperledger.fabric.gateway.impl.TransactionImpl.evaluate(TransactionImpl.java:207)
	at org.hyperledger.fabric.gateway.impl.ContractImpl.evaluateTransaction(ContractImpl.java:55)
	at application.java.App.main(App.java:133)
ERROR	2021-02-03 10:28:58,714	0	org.hyperledger.fabric.sdk.Channel	[main]	Channel Channel{id: 1, name: mychannel} Sending proposal with transaction: b23cdc78de404d12f5d5f0d5d48e46c7d5e05dd9fbc3af5bd52a2360d58f2d6d to Peer{ id: 2, name: peer0.org1.example.com, channelName: mychannel, url: grpcs://localhost:7051, mspid: Org1MSP} failed because of: gRPC failure=Status{code=UNKNOWN, description=error validating proposal: access denied: channel [mychannel] creator org [Org1MSP], cause=null}
java.lang.Exception: io.grpc.StatusRuntimeException: UNKNOWN: error validating proposal: access denied: channel [mychannel] creator org [Org1MSP]
	at org.hyperledger.fabric.sdk.Channel.sendProposalToPeers(Channel.java:4965)
	at org.hyperledger.fabric.sdk.Channel.sendProposalToPeers(Channel.java:4868)
	at org.hyperledger.fabric.sdk.Channel.getConfigBlock(Channel.java:941)
	at org.hyperledger.fabric.sdk.Channel.getConfigBlock(Channel.java:907)
	at org.hyperledger.fabric.sdk.Channel.parseConfigBlock(Channel.java:1994)
	at org.hyperledger.fabric.sdk.Channel.loadCACertificates(Channel.java:1831)
	at org.hyperledger.fabric.sdk.Channel.initialize(Channel.java:1222)
	at org.hyperledger.fabric.gateway.impl.NetworkImpl.initializeChannel(NetworkImpl.java:59)
	at org.hyperledger.fabric.gateway.impl.NetworkImpl.<init>(NetworkImpl.java:50)
	at org.hyperledger.fabric.gateway.impl.GatewayImpl.getNetwork(GatewayImpl.java:252)
	at application.java.App.main(App.java:116)
Caused by: io.grpc.StatusRuntimeException: UNKNOWN: error validating proposal: access denied: channel [mychannel] creator org [Org1MSP]
	at io.grpc.Status.asRuntimeException(Status.java:533)
	at io.grpc.stub.ClientCalls$UnaryStreamToFuture.onClose(ClientCalls.java:490)
	at io.grpc.PartialForwardingClientCallListener.onClose(PartialForwardingClientCallListener.java:39)
	at io.grpc.ForwardingClientCallListener.onClose(ForwardingClientCallListener.java:23)
	at io.grpc.ForwardingClientCallListener$SimpleForwardingClientCallListener.onClose(ForwardingClientCallListener.java:40)
	at io.grpc.internal.CensusStatsModule$StatsClientInterceptor$1$1.onClose(CensusStatsModule.java:700)
	at io.grpc.PartialForwardingClientCallListener.onClose(PartialForwardingClientCallListener.java:39)
	at io.grpc.ForwardingClientCallListener.onClose(ForwardingClientCallListener.java:23)
	at io.grpc.ForwardingClientCallListener$SimpleForwardingClientCallListener.onClose(ForwardingClientCallListener.java:40)
	at io.grpc.internal.CensusTracingModule$TracingClientInterceptor$1$1.onClose(CensusTracingModule.java:399)
	at io.grpc.internal.ClientCallImpl.closeObserver(ClientCallImpl.java:510)
	at io.grpc.internal.ClientCallImpl.access$300(ClientCallImpl.java:66)
	at io.grpc.internal.ClientCallImpl$ClientStreamListenerImpl.close(ClientCallImpl.java:630)
	at io.grpc.internal.ClientCallImpl$ClientStreamListenerImpl.access$700(ClientCallImpl.java:518)
	at io.grpc.internal.ClientCallImpl$ClientStreamListenerImpl$1StreamClosed.runInternal(ClientCallImpl.java:692)
	at io.grpc.internal.ClientCallImpl$ClientStreamListenerImpl$1StreamClosed.runInContext(ClientCallImpl.java:681)
	at io.grpc.internal.ContextRunnable.run(ContextRunnable.java:37)
	at io.grpc.internal.SerializingExecutor.run(SerializingExecutor.java:123)
	at java.base/java.util.concurrent.ThreadPoolExecutor.runWorker(ThreadPoolExecutor.java:1128)
	at java.base/java.util.concurrent.ThreadPoolExecutor$Worker.run(ThreadPoolExecutor.java:628)
	at java.base/java.lang.Thread.run(Thread.java:834)
ERROR	2021-02-03 10:28:58,723	9	org.hyperledger.fabric.sdk.Channel	[main]	getConfigBlock for channel mychannel failed with peer peer0.org1.example.com.  Status FAILURE, details: Channel Channel{id: 1, name: mychannel} Sending proposal with transaction: b23cdc78de404d12f5d5f0d5d48e46c7d5e05dd9fbc3af5bd52a2360d58f2d6d to Peer{ id: 2, name: peer0.org1.example.com, channelName: mychannel, url: grpcs://localhost:7051, mspid: Org1MSP} failed because of: gRPC failure=Status{code=UNKNOWN, description=error validating proposal: access denied: channel [mychannel] creator org [Org1MSP], cause=null}
org.hyperledger.fabric.sdk.exception.ProposalException: getConfigBlock for channel mychannel failed with peer peer0.org1.example.com.  Status FAILURE, details: Channel Channel{id: 1, name: mychannel} Sending proposal with transaction: b23cdc78de404d12f5d5f0d5d48e46c7d5e05dd9fbc3af5bd52a2360d58f2d6d to Peer{ id: 2, name: peer0.org1.example.com, channelName: mychannel, url: grpcs://localhost:7051, mspid: Org1MSP} failed because of: gRPC failure=Status{code=UNKNOWN, description=error validating proposal: access denied: channel [mychannel] creator org [Org1MSP], cause=null}
	at org.hyperledger.fabric.sdk.Channel.getConfigBlock(Channel.java:952)
	at org.hyperledger.fabric.sdk.Channel.getConfigBlock(Channel.java:907)
	at org.hyperledger.fabric.sdk.Channel.parseConfigBlock(Channel.java:1994)
	at org.hyperledger.fabric.sdk.Channel.loadCACertificates(Channel.java:1831)
	at org.hyperledger.fabric.sdk.Channel.initialize(Channel.java:1222)
	at org.hyperledger.fabric.gateway.impl.NetworkImpl.initializeChannel(NetworkImpl.java:59)
	at org.hyperledger.fabric.gateway.impl.NetworkImpl.<init>(NetworkImpl.java:50)
	at org.hyperledger.fabric.gateway.impl.GatewayImpl.getNetwork(GatewayImpl.java:252)
	at application.java.App.main(App.java:116)
ERROR	2021-02-03 10:28:59,592	878	org.hyperledger.fabric.sdk.Channel	[main]	Channel Channel{id: 1, name: mychannel} Sending proposal with transaction: b11f39c10a8f5935552b603ccb9d34af3a2c0e9799ee67483d8322cc9642b144 to Peer{ id: 2, name: peer0.org1.example.com, channelName: mychannel, url: grpcs://localhost:7051, mspid: Org1MSP} failed because of: gRPC failure=Status{code=UNKNOWN, description=error validating proposal: access denied: channel [mychannel] creator org [Org1MSP], cause=null}
java.lang.Exception: io.grpc.StatusRuntimeException: UNKNOWN: error validating proposal: access denied: channel [mychannel] creator org [Org1MSP]
	at org.hyperledger.fabric.sdk.Channel.sendProposalToPeers(Channel.java:4965)
	at org.hyperledger.fabric.sdk.Channel.sendProposalToPeers(Channel.java:4868)
	at org.hyperledger.fabric.sdk.Channel.getConfigBlock(Channel.java:941)
	at org.hyperledger.fabric.sdk.Channel.getConfigBlock(Channel.java:907)
	at org.hyperledger.fabric.sdk.Channel.parseConfigBlock(Channel.java:1994)
	at org.hyperledger.fabric.sdk.Channel.loadCACertificates(Channel.java:1831)
	at org.hyperledger.fabric.sdk.Channel.sendProposalToPeers(Channel.java:4881)
	at org.hyperledger.fabric.sdk.Channel.sendProposalToPeers(Channel.java:4868)
	at org.hyperledger.fabric.sdk.Channel.sendProposal(Channel.java:4844)
	at org.hyperledger.fabric.sdk.Channel.queryByChaincode(Channel.java:4762)
	at org.hyperledger.fabric.gateway.impl.query.QueryImpl.evaluate(QueryImpl.java:35)
	at org.hyperledger.fabric.gateway.impl.query.SingleQueryHandler.evaluate(SingleQueryHandler.java:43)
	at org.hyperledger.fabric.gateway.impl.TransactionImpl.evaluate(TransactionImpl.java:207)
	at org.hyperledger.fabric.gateway.impl.ContractImpl.evaluateTransaction(ContractImpl.java:55)
	at application.java.App.main(App.java:133)
Caused by: io.grpc.StatusRuntimeException: UNKNOWN: error validating proposal: access denied: channel [mychannel] creator org [Org1MSP]
	at io.grpc.Status.asRuntimeException(Status.java:533)
	at io.grpc.stub.ClientCalls$UnaryStreamToFuture.onClose(ClientCalls.java:490)
	at io.grpc.PartialForwardingClientCallListener.onClose(PartialForwardingClientCallListener.java:39)
	at io.grpc.ForwardingClientCallListener.onClose(ForwardingClientCallListener.java:23)
	at io.grpc.ForwardingClientCallListener$SimpleForwardingClientCallListener.onClose(ForwardingClientCallListener.java:40)
	at io.grpc.internal.CensusStatsModule$StatsClientInterceptor$1$1.onClose(CensusStatsModule.java:700)
	at io.grpc.PartialForwardingClientCallListener.onClose(PartialForwardingClientCallListener.java:39)
	at io.grpc.ForwardingClientCallListener.onClose(ForwardingClientCallListener.java:23)
	at io.grpc.ForwardingClientCallListener$SimpleForwardingClientCallListener.onClose(ForwardingClientCallListener.java:40)
	at io.grpc.internal.CensusTracingModule$TracingClientInterceptor$1$1.onClose(CensusTracingModule.java:399)
	at io.grpc.internal.ClientCallImpl.closeObserver(ClientCallImpl.java:510)
	at io.grpc.internal.ClientCallImpl.access$300(ClientCallImpl.java:66)
	at io.grpc.internal.ClientCallImpl$ClientStreamListenerImpl.close(ClientCallImpl.java:630)
	at io.grpc.internal.ClientCallImpl$ClientStreamListenerImpl.access$700(ClientCallImpl.java:518)
	at io.grpc.internal.ClientCallImpl$ClientStreamListenerImpl$1StreamClosed.runInternal(ClientCallImpl.java:692)
	at io.grpc.internal.ClientCallImpl$ClientStreamListenerImpl$1StreamClosed.runInContext(ClientCallImpl.java:681)
	at io.grpc.internal.ContextRunnable.run(ContextRunnable.java:37)
	at io.grpc.internal.SerializingExecutor.run(SerializingExecutor.java:123)
	at java.base/java.util.concurrent.ThreadPoolExecutor.runWorker(ThreadPoolExecutor.java:1128)
	at java.base/java.util.concurrent.ThreadPoolExecutor$Worker.run(ThreadPoolExecutor.java:628)
	at java.base/java.lang.Thread.run(Thread.java:834)
ERROR	2021-02-03 10:28:59,595	881	org.hyperledger.fabric.sdk.Channel	[main]	getConfigBlock for channel mychannel failed with peer peer0.org1.example.com.  Status FAILURE, details: Channel Channel{id: 1, name: mychannel} Sending proposal with transaction: b11f39c10a8f5935552b603ccb9d34af3a2c0e9799ee67483d8322cc9642b144 to Peer{ id: 2, name: peer0.org1.example.com, channelName: mychannel, url: grpcs://localhost:7051, mspid: Org1MSP} failed because of: gRPC failure=Status{code=UNKNOWN, description=error validating proposal: access denied: channel [mychannel] creator org [Org1MSP], cause=null}
org.hyperledger.fabric.sdk.exception.ProposalException: getConfigBlock for channel mychannel failed with peer peer0.org1.example.com.  Status FAILURE, details: Channel Channel{id: 1, name: mychannel} Sending proposal with transaction: b11f39c10a8f5935552b603ccb9d34af3a2c0e9799ee67483d8322cc9642b144 to Peer{ id: 2, name: peer0.org1.example.com, channelName: mychannel, url: grpcs://localhost:7051, mspid: Org1MSP} failed because of: gRPC failure=Status{code=UNKNOWN, description=error validating proposal: access denied: channel [mychannel] creator org [Org1MSP], cause=null}
	at org.hyperledger.fabric.sdk.Channel.getConfigBlock(Channel.java:952)
	at org.hyperledger.fabric.sdk.Channel.getConfigBlock(Channel.java:907)
	at org.hyperledger.fabric.sdk.Channel.parseConfigBlock(Channel.java:1994)
	at org.hyperledger.fabric.sdk.Channel.loadCACertificates(Channel.java:1831)
	at org.hyperledger.fabric.sdk.Channel.sendProposalToPeers(Channel.java:4881)
	at org.hyperledger.fabric.sdk.Channel.sendProposalToPeers(Channel.java:4868)
	at org.hyperledger.fabric.sdk.Channel.sendProposal(Channel.java:4844)
	at org.hyperledger.fabric.sdk.Channel.queryByChaincode(Channel.java:4762)
	at org.hyperledger.fabric.gateway.impl.query.QueryImpl.evaluate(QueryImpl.java:35)
	at org.hyperledger.fabric.gateway.impl.query.SingleQueryHandler.evaluate(SingleQueryHandler.java:43)
	at org.hyperledger.fabric.gateway.impl.TransactionImpl.evaluate(TransactionImpl.java:207)
	at org.hyperledger.fabric.gateway.impl.ContractImpl.evaluateTransaction(ContractImpl.java:55)
	at application.java.App.main(App.java:133)
ERROR	2021-02-03 12:43:38,921	0	org.hyperledger.fabric.sdk.Channel	[main]	Channel Channel{id: 1, name: mychannel} Sending proposal with transaction: 86b1efc72b8688b0ba6eef3e9df14ab5de18ba5b8c1a4c5d750f92da46c7b8a6 to Peer{ id: 2, name: peer0.org1.example.com, channelName: mychannel, url: grpcs://localhost:7051, mspid: Org1MSP} failed because of: gRPC failure=Status{code=UNKNOWN, description=error validating proposal: access denied: channel [mychannel] creator org [Org1MSP], cause=null}
java.lang.Exception: io.grpc.StatusRuntimeException: UNKNOWN: error validating proposal: access denied: channel [mychannel] creator org [Org1MSP]
	at org.hyperledger.fabric.sdk.Channel.sendProposalToPeers(Channel.java:4965)
	at org.hyperledger.fabric.sdk.Channel.sendProposalToPeers(Channel.java:4868)
	at org.hyperledger.fabric.sdk.Channel.getConfigBlock(Channel.java:941)
	at org.hyperledger.fabric.sdk.Channel.getConfigBlock(Channel.java:907)
	at org.hyperledger.fabric.sdk.Channel.parseConfigBlock(Channel.java:1994)
	at org.hyperledger.fabric.sdk.Channel.loadCACertificates(Channel.java:1831)
	at org.hyperledger.fabric.sdk.Channel.initialize(Channel.java:1222)
	at org.hyperledger.fabric.gateway.impl.NetworkImpl.initializeChannel(NetworkImpl.java:59)
	at org.hyperledger.fabric.gateway.impl.NetworkImpl.<init>(NetworkImpl.java:50)
	at org.hyperledger.fabric.gateway.impl.GatewayImpl.getNetwork(GatewayImpl.java:252)
	at application.java.App.main(App.java:116)
Caused by: io.grpc.StatusRuntimeException: UNKNOWN: error validating proposal: access denied: channel [mychannel] creator org [Org1MSP]
	at io.grpc.Status.asRuntimeException(Status.java:533)
	at io.grpc.stub.ClientCalls$UnaryStreamToFuture.onClose(ClientCalls.java:490)
	at io.grpc.PartialForwardingClientCallListener.onClose(PartialForwardingClientCallListener.java:39)
	at io.grpc.ForwardingClientCallListener.onClose(ForwardingClientCallListener.java:23)
	at io.grpc.ForwardingClientCallListener$SimpleForwardingClientCallListener.onClose(ForwardingClientCallListener.java:40)
	at io.grpc.internal.CensusStatsModule$StatsClientInterceptor$1$1.onClose(CensusStatsModule.java:700)
	at io.grpc.PartialForwardingClientCallListener.onClose(PartialForwardingClientCallListener.java:39)
	at io.grpc.ForwardingClientCallListener.onClose(ForwardingClientCallListener.java:23)
	at io.grpc.ForwardingClientCallListener$SimpleForwardingClientCallListener.onClose(ForwardingClientCallListener.java:40)
	at io.grpc.internal.CensusTracingModule$TracingClientInterceptor$1$1.onClose(CensusTracingModule.java:399)
	at io.grpc.internal.ClientCallImpl.closeObserver(ClientCallImpl.java:510)
	at io.grpc.internal.ClientCallImpl.access$300(ClientCallImpl.java:66)
	at io.grpc.internal.ClientCallImpl$ClientStreamListenerImpl.close(ClientCallImpl.java:630)
	at io.grpc.internal.ClientCallImpl$ClientStreamListenerImpl.access$700(ClientCallImpl.java:518)
	at io.grpc.internal.ClientCallImpl$ClientStreamListenerImpl$1StreamClosed.runInternal(ClientCallImpl.java:692)
	at io.grpc.internal.ClientCallImpl$ClientStreamListenerImpl$1StreamClosed.runInContext(ClientCallImpl.java:681)
	at io.grpc.internal.ContextRunnable.run(ContextRunnable.java:37)
	at io.grpc.internal.SerializingExecutor.run(SerializingExecutor.java:123)
	at java.base/java.util.concurrent.ThreadPoolExecutor.runWorker(ThreadPoolExecutor.java:1128)
	at java.base/java.util.concurrent.ThreadPoolExecutor$Worker.run(ThreadPoolExecutor.java:628)
	at java.base/java.lang.Thread.run(Thread.java:834)
ERROR	2021-02-03 12:43:38,930	9	org.hyperledger.fabric.sdk.Channel	[main]	getConfigBlock for channel mychannel failed with peer peer0.org1.example.com.  Status FAILURE, details: Channel Channel{id: 1, name: mychannel} Sending proposal with transaction: 86b1efc72b8688b0ba6eef3e9df14ab5de18ba5b8c1a4c5d750f92da46c7b8a6 to Peer{ id: 2, name: peer0.org1.example.com, channelName: mychannel, url: grpcs://localhost:7051, mspid: Org1MSP} failed because of: gRPC failure=Status{code=UNKNOWN, description=error validating proposal: access denied: channel [mychannel] creator org [Org1MSP], cause=null}
org.hyperledger.fabric.sdk.exception.ProposalException: getConfigBlock for channel mychannel failed with peer peer0.org1.example.com.  Status FAILURE, details: Channel Channel{id: 1, name: mychannel} Sending proposal with transaction: 86b1efc72b8688b0ba6eef3e9df14ab5de18ba5b8c1a4c5d750f92da46c7b8a6 to Peer{ id: 2, name: peer0.org1.example.com, channelName: mychannel, url: grpcs://localhost:7051, mspid: Org1MSP} failed because of: gRPC failure=Status{code=UNKNOWN, description=error validating proposal: access denied: channel [mychannel] creator org [Org1MSP], cause=null}
	at org.hyperledger.fabric.sdk.Channel.getConfigBlock(Channel.java:952)
	at org.hyperledger.fabric.sdk.Channel.getConfigBlock(Channel.java:907)
	at org.hyperledger.fabric.sdk.Channel.parseConfigBlock(Channel.java:1994)
	at org.hyperledger.fabric.sdk.Channel.loadCACertificates(Channel.java:1831)
	at org.hyperledger.fabric.sdk.Channel.initialize(Channel.java:1222)
	at org.hyperledger.fabric.gateway.impl.NetworkImpl.initializeChannel(NetworkImpl.java:59)
	at org.hyperledger.fabric.gateway.impl.NetworkImpl.<init>(NetworkImpl.java:50)
	at org.hyperledger.fabric.gateway.impl.GatewayImpl.getNetwork(GatewayImpl.java:252)
	at application.java.App.main(App.java:116)
ERROR	2021-02-03 12:43:39,804	883	org.hyperledger.fabric.sdk.Channel	[main]	Channel Channel{id: 1, name: mychannel} Sending proposal with transaction: b226b1d893a51b69676fce09809a09438065d21ef2bcf672e406c6e32ecc8d75 to Peer{ id: 2, name: peer0.org1.example.com, channelName: mychannel, url: grpcs://localhost:7051, mspid: Org1MSP} failed because of: gRPC failure=Status{code=UNKNOWN, description=error validating proposal: access denied: channel [mychannel] creator org [Org1MSP], cause=null}
java.lang.Exception: io.grpc.StatusRuntimeException: UNKNOWN: error validating proposal: access denied: channel [mychannel] creator org [Org1MSP]
	at org.hyperledger.fabric.sdk.Channel.sendProposalToPeers(Channel.java:4965)
	at org.hyperledger.fabric.sdk.Channel.sendProposalToPeers(Channel.java:4868)
	at org.hyperledger.fabric.sdk.Channel.getConfigBlock(Channel.java:941)
	at org.hyperledger.fabric.sdk.Channel.getConfigBlock(Channel.java:907)
	at org.hyperledger.fabric.sdk.Channel.parseConfigBlock(Channel.java:1994)
	at org.hyperledger.fabric.sdk.Channel.loadCACertificates(Channel.java:1831)
	at org.hyperledger.fabric.sdk.Channel.sendProposalToPeers(Channel.java:4881)
	at org.hyperledger.fabric.sdk.Channel.sendProposalToPeers(Channel.java:4868)
	at org.hyperledger.fabric.sdk.Channel.sendProposal(Channel.java:4844)
	at org.hyperledger.fabric.sdk.Channel.queryByChaincode(Channel.java:4762)
	at org.hyperledger.fabric.gateway.impl.query.QueryImpl.evaluate(QueryImpl.java:35)
	at org.hyperledger.fabric.gateway.impl.query.SingleQueryHandler.evaluate(SingleQueryHandler.java:43)
	at org.hyperledger.fabric.gateway.impl.TransactionImpl.evaluate(TransactionImpl.java:207)
	at org.hyperledger.fabric.gateway.impl.ContractImpl.evaluateTransaction(ContractImpl.java:55)
	at application.java.App.main(App.java:133)
Caused by: io.grpc.StatusRuntimeException: UNKNOWN: error validating proposal: access denied: channel [mychannel] creator org [Org1MSP]
	at io.grpc.Status.asRuntimeException(Status.java:533)
	at io.grpc.stub.ClientCalls$UnaryStreamToFuture.onClose(ClientCalls.java:490)
	at io.grpc.PartialForwardingClientCallListener.onClose(PartialForwardingClientCallListener.java:39)
	at io.grpc.ForwardingClientCallListener.onClose(ForwardingClientCallListener.java:23)
	at io.grpc.ForwardingClientCallListener$SimpleForwardingClientCallListener.onClose(ForwardingClientCallListener.java:40)
	at io.grpc.internal.CensusStatsModule$StatsClientInterceptor$1$1.onClose(CensusStatsModule.java:700)
	at io.grpc.PartialForwardingClientCallListener.onClose(PartialForwardingClientCallListener.java:39)
	at io.grpc.ForwardingClientCallListener.onClose(ForwardingClientCallListener.java:23)
	at io.grpc.ForwardingClientCallListener$SimpleForwardingClientCallListener.onClose(ForwardingClientCallListener.java:40)
	at io.grpc.internal.CensusTracingModule$TracingClientInterceptor$1$1.onClose(CensusTracingModule.java:399)
	at io.grpc.internal.ClientCallImpl.closeObserver(ClientCallImpl.java:510)
	at io.grpc.internal.ClientCallImpl.access$300(ClientCallImpl.java:66)
	at io.grpc.internal.ClientCallImpl$ClientStreamListenerImpl.close(ClientCallImpl.java:630)
	at io.grpc.internal.ClientCallImpl$ClientStreamListenerImpl.access$700(ClientCallImpl.java:518)
	at io.grpc.internal.ClientCallImpl$ClientStreamListenerImpl$1StreamClosed.runInternal(ClientCallImpl.java:692)
	at io.grpc.internal.ClientCallImpl$ClientStreamListenerImpl$1StreamClosed.runInContext(ClientCallImpl.java:681)
	at io.grpc.internal.ContextRunnable.run(ContextRunnable.java:37)
	at io.grpc.internal.SerializingExecutor.run(SerializingExecutor.java:123)
	at java.base/java.util.concurrent.ThreadPoolExecutor.runWorker(ThreadPoolExecutor.java:1128)
	at java.base/java.util.concurrent.ThreadPoolExecutor$Worker.run(ThreadPoolExecutor.java:628)
	at java.base/java.lang.Thread.run(Thread.java:834)
ERROR	2021-02-03 12:43:39,905	984	org.hyperledger.fabric.sdk.Channel	[main]	getConfigBlock for channel mychannel failed with peer peer0.org1.example.com.  Status FAILURE, details: Channel Channel{id: 1, name: mychannel} Sending proposal with transaction: b226b1d893a51b69676fce09809a09438065d21ef2bcf672e406c6e32ecc8d75 to Peer{ id: 2, name: peer0.org1.example.com, channelName: mychannel, url: grpcs://localhost:7051, mspid: Org1MSP} failed because of: gRPC failure=Status{code=UNKNOWN, description=error validating proposal: access denied: channel [mychannel] creator org [Org1MSP], cause=null}
org.hyperledger.fabric.sdk.exception.ProposalException: getConfigBlock for channel mychannel failed with peer peer0.org1.example.com.  Status FAILURE, details: Channel Channel{id: 1, name: mychannel} Sending proposal with transaction: b226b1d893a51b69676fce09809a09438065d21ef2bcf672e406c6e32ecc8d75 to Peer{ id: 2, name: peer0.org1.example.com, channelName: mychannel, url: grpcs://localhost:7051, mspid: Org1MSP} failed because of: gRPC failure=Status{code=UNKNOWN, description=error validating proposal: access denied: channel [mychannel] creator org [Org1MSP], cause=null}
	at org.hyperledger.fabric.sdk.Channel.getConfigBlock(Channel.java:952)
	at org.hyperledger.fabric.sdk.Channel.getConfigBlock(Channel.java:907)
	at org.hyperledger.fabric.sdk.Channel.parseConfigBlock(Channel.java:1994)
	at org.hyperledger.fabric.sdk.Channel.loadCACertificates(Channel.java:1831)
	at org.hyperledger.fabric.sdk.Channel.sendProposalToPeers(Channel.java:4881)
	at org.hyperledger.fabric.sdk.Channel.sendProposalToPeers(Channel.java:4868)
	at org.hyperledger.fabric.sdk.Channel.sendProposal(Channel.java:4844)
	at org.hyperledger.fabric.sdk.Channel.queryByChaincode(Channel.java:4762)
	at org.hyperledger.fabric.gateway.impl.query.QueryImpl.evaluate(QueryImpl.java:35)
	at org.hyperledger.fabric.gateway.impl.query.SingleQueryHandler.evaluate(SingleQueryHandler.java:43)
	at org.hyperledger.fabric.gateway.impl.TransactionImpl.evaluate(TransactionImpl.java:207)
	at org.hyperledger.fabric.gateway.impl.ContractImpl.evaluateTransaction(ContractImpl.java:55)
	at application.java.App.main(App.java:133)
ERROR	2021-02-03 15:20:00,701	0	org.hyperledger.fabric.sdk.Channel	[main]	Channel Channel{id: 1, name: mychannel} Sending proposal with transaction: c903749fca65aa6ac50292fdb48297e43db9d77698231b12996c05f280bbea8a to Peer{ id: 2, name: peer0.org1.example.com, channelName: mychannel, url: grpcs://localhost:7051, mspid: Org1MSP} failed because of: gRPC failure=Status{code=UNKNOWN, description=error validating proposal: access denied: channel [mychannel] creator org [Org1MSP], cause=null}
java.lang.Exception: io.grpc.StatusRuntimeException: UNKNOWN: error validating proposal: access denied: channel [mychannel] creator org [Org1MSP]
	at org.hyperledger.fabric.sdk.Channel.sendProposalToPeers(Channel.java:4965)
	at org.hyperledger.fabric.sdk.Channel.sendProposalToPeers(Channel.java:4868)
	at org.hyperledger.fabric.sdk.Channel.getConfigBlock(Channel.java:941)
	at org.hyperledger.fabric.sdk.Channel.getConfigBlock(Channel.java:907)
	at org.hyperledger.fabric.sdk.Channel.parseConfigBlock(Channel.java:1994)
	at org.hyperledger.fabric.sdk.Channel.loadCACertificates(Channel.java:1831)
	at org.hyperledger.fabric.sdk.Channel.initialize(Channel.java:1222)
	at org.hyperledger.fabric.gateway.impl.NetworkImpl.initializeChannel(NetworkImpl.java:59)
	at org.hyperledger.fabric.gateway.impl.NetworkImpl.<init>(NetworkImpl.java:50)
	at org.hyperledger.fabric.gateway.impl.GatewayImpl.getNetwork(GatewayImpl.java:252)
	at application.java.App.main(App.java:129)
Caused by: io.grpc.StatusRuntimeException: UNKNOWN: error validating proposal: access denied: channel [mychannel] creator org [Org1MSP]
	at io.grpc.Status.asRuntimeException(Status.java:533)
	at io.grpc.stub.ClientCalls$UnaryStreamToFuture.onClose(ClientCalls.java:490)
	at io.grpc.PartialForwardingClientCallListener.onClose(PartialForwardingClientCallListener.java:39)
	at io.grpc.ForwardingClientCallListener.onClose(ForwardingClientCallListener.java:23)
	at io.grpc.ForwardingClientCallListener$SimpleForwardingClientCallListener.onClose(ForwardingClientCallListener.java:40)
	at io.grpc.internal.CensusStatsModule$StatsClientInterceptor$1$1.onClose(CensusStatsModule.java:700)
	at io.grpc.PartialForwardingClientCallListener.onClose(PartialForwardingClientCallListener.java:39)
	at io.grpc.ForwardingClientCallListener.onClose(ForwardingClientCallListener.java:23)
	at io.grpc.ForwardingClientCallListener$SimpleForwardingClientCallListener.onClose(ForwardingClientCallListener.java:40)
	at io.grpc.internal.CensusTracingModule$TracingClientInterceptor$1$1.onClose(CensusTracingModule.java:399)
	at io.grpc.internal.ClientCallImpl.closeObserver(ClientCallImpl.java:510)
	at io.grpc.internal.ClientCallImpl.access$300(ClientCallImpl.java:66)
	at io.grpc.internal.ClientCallImpl$ClientStreamListenerImpl.close(ClientCallImpl.java:630)
	at io.grpc.internal.ClientCallImpl$ClientStreamListenerImpl.access$700(ClientCallImpl.java:518)
	at io.grpc.internal.ClientCallImpl$ClientStreamListenerImpl$1StreamClosed.runInternal(ClientCallImpl.java:692)
	at io.grpc.internal.ClientCallImpl$ClientStreamListenerImpl$1StreamClosed.runInContext(ClientCallImpl.java:681)
	at io.grpc.internal.ContextRunnable.run(ContextRunnable.java:37)
	at io.grpc.internal.SerializingExecutor.run(SerializingExecutor.java:123)
	at java.base/java.util.concurrent.ThreadPoolExecutor.runWorker(ThreadPoolExecutor.java:1128)
	at java.base/java.util.concurrent.ThreadPoolExecutor$Worker.run(ThreadPoolExecutor.java:628)
	at java.base/java.lang.Thread.run(Thread.java:834)
ERROR	2021-02-03 15:20:00,708	7	org.hyperledger.fabric.sdk.Channel	[main]	getConfigBlock for channel mychannel failed with peer peer0.org1.example.com.  Status FAILURE, details: Channel Channel{id: 1, name: mychannel} Sending proposal with transaction: c903749fca65aa6ac50292fdb48297e43db9d77698231b12996c05f280bbea8a to Peer{ id: 2, name: peer0.org1.example.com, channelName: mychannel, url: grpcs://localhost:7051, mspid: Org1MSP} failed because of: gRPC failure=Status{code=UNKNOWN, description=error validating proposal: access denied: channel [mychannel] creator org [Org1MSP], cause=null}
org.hyperledger.fabric.sdk.exception.ProposalException: getConfigBlock for channel mychannel failed with peer peer0.org1.example.com.  Status FAILURE, details: Channel Channel{id: 1, name: mychannel} Sending proposal with transaction: c903749fca65aa6ac50292fdb48297e43db9d77698231b12996c05f280bbea8a to Peer{ id: 2, name: peer0.org1.example.com, channelName: mychannel, url: grpcs://localhost:7051, mspid: Org1MSP} failed because of: gRPC failure=Status{code=UNKNOWN, description=error validating proposal: access denied: channel [mychannel] creator org [Org1MSP], cause=null}
	at org.hyperledger.fabric.sdk.Channel.getConfigBlock(Channel.java:952)
	at org.hyperledger.fabric.sdk.Channel.getConfigBlock(Channel.java:907)
	at org.hyperledger.fabric.sdk.Channel.parseConfigBlock(Channel.java:1994)
	at org.hyperledger.fabric.sdk.Channel.loadCACertificates(Channel.java:1831)
	at org.hyperledger.fabric.sdk.Channel.initialize(Channel.java:1222)
	at org.hyperledger.fabric.gateway.impl.NetworkImpl.initializeChannel(NetworkImpl.java:59)
	at org.hyperledger.fabric.gateway.impl.NetworkImpl.<init>(NetworkImpl.java:50)
	at org.hyperledger.fabric.gateway.impl.GatewayImpl.getNetwork(GatewayImpl.java:252)
	at application.java.App.main(App.java:129)
ERROR	2021-02-03 15:20:01,777	1076	org.hyperledger.fabric.sdk.Channel	[main]	Channel Channel{id: 1, name: mychannel} Sending proposal with transaction: d04a06ec96d89235ed2b7641e5bd9493e1db060d81c685f79113e0e289b7e631 to Peer{ id: 2, name: peer0.org1.example.com, channelName: mychannel, url: grpcs://localhost:7051, mspid: Org1MSP} failed because of: gRPC failure=Status{code=UNKNOWN, description=error validating proposal: access denied: channel [mychannel] creator org [Org1MSP], cause=null}
java.lang.Exception: io.grpc.StatusRuntimeException: UNKNOWN: error validating proposal: access denied: channel [mychannel] creator org [Org1MSP]
	at org.hyperledger.fabric.sdk.Channel.sendProposalToPeers(Channel.java:4965)
	at org.hyperledger.fabric.sdk.Channel.sendProposalToPeers(Channel.java:4868)
	at org.hyperledger.fabric.sdk.Channel.getConfigBlock(Channel.java:941)
	at org.hyperledger.fabric.sdk.Channel.getConfigBlock(Channel.java:907)
	at org.hyperledger.fabric.sdk.Channel.parseConfigBlock(Channel.java:1994)
	at org.hyperledger.fabric.sdk.Channel.loadCACertificates(Channel.java:1831)
	at org.hyperledger.fabric.sdk.Channel.sendProposalToPeers(Channel.java:4881)
	at org.hyperledger.fabric.sdk.Channel.sendProposalToPeers(Channel.java:4868)
	at org.hyperledger.fabric.sdk.Channel.sendProposal(Channel.java:4844)
	at org.hyperledger.fabric.sdk.Channel.queryByChaincode(Channel.java:4762)
	at org.hyperledger.fabric.gateway.impl.query.QueryImpl.evaluate(QueryImpl.java:35)
	at org.hyperledger.fabric.gateway.impl.query.SingleQueryHandler.evaluate(SingleQueryHandler.java:43)
	at org.hyperledger.fabric.gateway.impl.TransactionImpl.evaluate(TransactionImpl.java:207)
	at org.hyperledger.fabric.gateway.impl.ContractImpl.evaluateTransaction(ContractImpl.java:55)
	at application.java.App.main(App.java:146)
Caused by: io.grpc.StatusRuntimeException: UNKNOWN: error validating proposal: access denied: channel [mychannel] creator org [Org1MSP]
	at io.grpc.Status.asRuntimeException(Status.java:533)
	at io.grpc.stub.ClientCalls$UnaryStreamToFuture.onClose(ClientCalls.java:490)
	at io.grpc.PartialForwardingClientCallListener.onClose(PartialForwardingClientCallListener.java:39)
	at io.grpc.ForwardingClientCallListener.onClose(ForwardingClientCallListener.java:23)
	at io.grpc.ForwardingClientCallListener$SimpleForwardingClientCallListener.onClose(ForwardingClientCallListener.java:40)
	at io.grpc.internal.CensusStatsModule$StatsClientInterceptor$1$1.onClose(CensusStatsModule.java:700)
	at io.grpc.PartialForwardingClientCallListener.onClose(PartialForwardingClientCallListener.java:39)
	at io.grpc.ForwardingClientCallListener.onClose(ForwardingClientCallListener.java:23)
	at io.grpc.ForwardingClientCallListener$SimpleForwardingClientCallListener.onClose(ForwardingClientCallListener.java:40)
	at io.grpc.internal.CensusTracingModule$TracingClientInterceptor$1$1.onClose(CensusTracingModule.java:399)
	at io.grpc.internal.ClientCallImpl.closeObserver(ClientCallImpl.java:510)
	at io.grpc.internal.ClientCallImpl.access$300(ClientCallImpl.java:66)
	at io.grpc.internal.ClientCallImpl$ClientStreamListenerImpl.close(ClientCallImpl.java:630)
	at io.grpc.internal.ClientCallImpl$ClientStreamListenerImpl.access$700(ClientCallImpl.java:518)
	at io.grpc.internal.ClientCallImpl$ClientStreamListenerImpl$1StreamClosed.runInternal(ClientCallImpl.java:692)
	at io.grpc.internal.ClientCallImpl$ClientStreamListenerImpl$1StreamClosed.runInContext(ClientCallImpl.java:681)
	at io.grpc.internal.ContextRunnable.run(ContextRunnable.java:37)
	at io.grpc.internal.SerializingExecutor.run(SerializingExecutor.java:123)
	at java.base/java.util.concurrent.ThreadPoolExecutor.runWorker(ThreadPoolExecutor.java:1128)
	at java.base/java.util.concurrent.ThreadPoolExecutor$Worker.run(ThreadPoolExecutor.java:628)
	at java.base/java.lang.Thread.run(Thread.java:834)
ERROR	2021-02-03 15:20:01,782	1081	org.hyperledger.fabric.sdk.Channel	[main]	getConfigBlock for channel mychannel failed with peer peer0.org1.example.com.  Status FAILURE, details: Channel Channel{id: 1, name: mychannel} Sending proposal with transaction: d04a06ec96d89235ed2b7641e5bd9493e1db060d81c685f79113e0e289b7e631 to Peer{ id: 2, name: peer0.org1.example.com, channelName: mychannel, url: grpcs://localhost:7051, mspid: Org1MSP} failed because of: gRPC failure=Status{code=UNKNOWN, description=error validating proposal: access denied: channel [mychannel] creator org [Org1MSP], cause=null}
org.hyperledger.fabric.sdk.exception.ProposalException: getConfigBlock for channel mychannel failed with peer peer0.org1.example.com.  Status FAILURE, details: Channel Channel{id: 1, name: mychannel} Sending proposal with transaction: d04a06ec96d89235ed2b7641e5bd9493e1db060d81c685f79113e0e289b7e631 to Peer{ id: 2, name: peer0.org1.example.com, channelName: mychannel, url: grpcs://localhost:7051, mspid: Org1MSP} failed because of: gRPC failure=Status{code=UNKNOWN, description=error validating proposal: access denied: channel [mychannel] creator org [Org1MSP], cause=null}
	at org.hyperledger.fabric.sdk.Channel.getConfigBlock(Channel.java:952)
	at org.hyperledger.fabric.sdk.Channel.getConfigBlock(Channel.java:907)
	at org.hyperledger.fabric.sdk.Channel.parseConfigBlock(Channel.java:1994)
	at org.hyperledger.fabric.sdk.Channel.loadCACertificates(Channel.java:1831)
	at org.hyperledger.fabric.sdk.Channel.sendProposalToPeers(Channel.java:4881)
	at org.hyperledger.fabric.sdk.Channel.sendProposalToPeers(Channel.java:4868)
	at org.hyperledger.fabric.sdk.Channel.sendProposal(Channel.java:4844)
	at org.hyperledger.fabric.sdk.Channel.queryByChaincode(Channel.java:4762)
	at org.hyperledger.fabric.gateway.impl.query.QueryImpl.evaluate(QueryImpl.java:35)
	at org.hyperledger.fabric.gateway.impl.query.SingleQueryHandler.evaluate(SingleQueryHandler.java:43)
	at org.hyperledger.fabric.gateway.impl.TransactionImpl.evaluate(TransactionImpl.java:207)
	at org.hyperledger.fabric.gateway.impl.ContractImpl.evaluateTransaction(ContractImpl.java:55)
	at application.java.App.main(App.java:146)
ERROR	2021-02-04 14:08:58,106	1	org.hyperledger.fabric.sdk.Channel	[main]	Channel Channel{id: 1, name: mychannel} Sending proposal with transaction: fdef96a9f56b4b8f516a8b3c7bfbdd87a1a174cca00e14a76f76823a8e16d8e8 to Peer{ id: 2, name: peer0.org1.example.com, channelName: mychannel, url: grpcs://localhost:7051, mspid: Org1MSP} failed because of: gRPC failure=Status{code=UNKNOWN, description=error validating proposal: access denied: channel [mychannel] creator org [Org1MSP], cause=null}
java.lang.Exception: io.grpc.StatusRuntimeException: UNKNOWN: error validating proposal: access denied: channel [mychannel] creator org [Org1MSP]
	at org.hyperledger.fabric.sdk.Channel.sendProposalToPeers(Channel.java:4965)
	at org.hyperledger.fabric.sdk.Channel.sendProposalToPeers(Channel.java:4868)
	at org.hyperledger.fabric.sdk.Channel.getConfigBlock(Channel.java:941)
	at org.hyperledger.fabric.sdk.Channel.getConfigBlock(Channel.java:907)
	at org.hyperledger.fabric.sdk.Channel.parseConfigBlock(Channel.java:1994)
	at org.hyperledger.fabric.sdk.Channel.loadCACertificates(Channel.java:1831)
	at org.hyperledger.fabric.sdk.Channel.initialize(Channel.java:1222)
	at org.hyperledger.fabric.gateway.impl.NetworkImpl.initializeChannel(NetworkImpl.java:59)
	at org.hyperledger.fabric.gateway.impl.NetworkImpl.<init>(NetworkImpl.java:50)
	at org.hyperledger.fabric.gateway.impl.GatewayImpl.getNetwork(GatewayImpl.java:252)
	at application.java.App.main(App.java:84)
Caused by: io.grpc.StatusRuntimeException: UNKNOWN: error validating proposal: access denied: channel [mychannel] creator org [Org1MSP]
	at io.grpc.Status.asRuntimeException(Status.java:533)
	at io.grpc.stub.ClientCalls$UnaryStreamToFuture.onClose(ClientCalls.java:490)
	at io.grpc.PartialForwardingClientCallListener.onClose(PartialForwardingClientCallListener.java:39)
	at io.grpc.ForwardingClientCallListener.onClose(ForwardingClientCallListener.java:23)
	at io.grpc.ForwardingClientCallListener$SimpleForwardingClientCallListener.onClose(ForwardingClientCallListener.java:40)
	at io.grpc.internal.CensusStatsModule$StatsClientInterceptor$1$1.onClose(CensusStatsModule.java:700)
	at io.grpc.PartialForwardingClientCallListener.onClose(PartialForwardingClientCallListener.java:39)
	at io.grpc.ForwardingClientCallListener.onClose(ForwardingClientCallListener.java:23)
	at io.grpc.ForwardingClientCallListener$SimpleForwardingClientCallListener.onClose(ForwardingClientCallListener.java:40)
	at io.grpc.internal.CensusTracingModule$TracingClientInterceptor$1$1.onClose(CensusTracingModule.java:399)
	at io.grpc.internal.ClientCallImpl.closeObserver(ClientCallImpl.java:510)
	at io.grpc.internal.ClientCallImpl.access$300(ClientCallImpl.java:66)
	at io.grpc.internal.ClientCallImpl$ClientStreamListenerImpl.close(ClientCallImpl.java:630)
	at io.grpc.internal.ClientCallImpl$ClientStreamListenerImpl.access$700(ClientCallImpl.java:518)
	at io.grpc.internal.ClientCallImpl$ClientStreamListenerImpl$1StreamClosed.runInternal(ClientCallImpl.java:692)
	at io.grpc.internal.ClientCallImpl$ClientStreamListenerImpl$1StreamClosed.runInContext(ClientCallImpl.java:681)
	at io.grpc.internal.ContextRunnable.run(ContextRunnable.java:37)
	at io.grpc.internal.SerializingExecutor.run(SerializingExecutor.java:123)
	at java.base/java.util.concurrent.ThreadPoolExecutor.runWorker(ThreadPoolExecutor.java:1128)
	at java.base/java.util.concurrent.ThreadPoolExecutor$Worker.run(ThreadPoolExecutor.java:628)
	at java.base/java.lang.Thread.run(Thread.java:834)
ERROR	2021-02-04 14:08:58,119	14	org.hyperledger.fabric.sdk.Channel	[main]	getConfigBlock for channel mychannel failed with peer peer0.org1.example.com.  Status FAILURE, details: Channel Channel{id: 1, name: mychannel} Sending proposal with transaction: fdef96a9f56b4b8f516a8b3c7bfbdd87a1a174cca00e14a76f76823a8e16d8e8 to Peer{ id: 2, name: peer0.org1.example.com, channelName: mychannel, url: grpcs://localhost:7051, mspid: Org1MSP} failed because of: gRPC failure=Status{code=UNKNOWN, description=error validating proposal: access denied: channel [mychannel] creator org [Org1MSP], cause=null}
org.hyperledger.fabric.sdk.exception.ProposalException: getConfigBlock for channel mychannel failed with peer peer0.org1.example.com.  Status FAILURE, details: Channel Channel{id: 1, name: mychannel} Sending proposal with transaction: fdef96a9f56b4b8f516a8b3c7bfbdd87a1a174cca00e14a76f76823a8e16d8e8 to Peer{ id: 2, name: peer0.org1.example.com, channelName: mychannel, url: grpcs://localhost:7051, mspid: Org1MSP} failed because of: gRPC failure=Status{code=UNKNOWN, description=error validating proposal: access denied: channel [mychannel] creator org [Org1MSP], cause=null}
	at org.hyperledger.fabric.sdk.Channel.getConfigBlock(Channel.java:952)
	at org.hyperledger.fabric.sdk.Channel.getConfigBlock(Channel.java:907)
	at org.hyperledger.fabric.sdk.Channel.parseConfigBlock(Channel.java:1994)
	at org.hyperledger.fabric.sdk.Channel.loadCACertificates(Channel.java:1831)
	at org.hyperledger.fabric.sdk.Channel.initialize(Channel.java:1222)
	at org.hyperledger.fabric.gateway.impl.NetworkImpl.initializeChannel(NetworkImpl.java:59)
	at org.hyperledger.fabric.gateway.impl.NetworkImpl.<init>(NetworkImpl.java:50)
	at org.hyperledger.fabric.gateway.impl.GatewayImpl.getNetwork(GatewayImpl.java:252)
	at application.java.App.main(App.java:84)
ERROR	2021-02-04 14:08:59,276	1171	org.hyperledger.fabric.sdk.Channel	[main]	Channel Channel{id: 1, name: mychannel} Sending proposal with transaction: c945e94fbfe2a69c2f9057daeff7d88c44a9c1d6225c9bc7e7d31bc0e6d9c288 to Peer{ id: 2, name: peer0.org1.example.com, channelName: mychannel, url: grpcs://localhost:7051, mspid: Org1MSP} failed because of: gRPC failure=Status{code=UNKNOWN, description=error validating proposal: access denied: channel [mychannel] creator org [Org1MSP], cause=null}
java.lang.Exception: io.grpc.StatusRuntimeException: UNKNOWN: error validating proposal: access denied: channel [mychannel] creator org [Org1MSP]
	at org.hyperledger.fabric.sdk.Channel.sendProposalToPeers(Channel.java:4965)
	at org.hyperledger.fabric.sdk.Channel.sendProposalToPeers(Channel.java:4868)
	at org.hyperledger.fabric.sdk.Channel.getConfigBlock(Channel.java:941)
	at org.hyperledger.fabric.sdk.Channel.getConfigBlock(Channel.java:907)
	at org.hyperledger.fabric.sdk.Channel.parseConfigBlock(Channel.java:1994)
	at org.hyperledger.fabric.sdk.Channel.loadCACertificates(Channel.java:1831)
	at org.hyperledger.fabric.sdk.Channel.sendProposalToPeers(Channel.java:4881)
	at org.hyperledger.fabric.sdk.Channel.sendProposalToPeers(Channel.java:4868)
	at org.hyperledger.fabric.sdk.Channel.sendProposal(Channel.java:4844)
	at org.hyperledger.fabric.sdk.Channel.queryByChaincode(Channel.java:4762)
	at org.hyperledger.fabric.gateway.impl.query.QueryImpl.evaluate(QueryImpl.java:35)
	at org.hyperledger.fabric.gateway.impl.query.SingleQueryHandler.evaluate(SingleQueryHandler.java:43)
	at org.hyperledger.fabric.gateway.impl.TransactionImpl.evaluate(TransactionImpl.java:207)
	at org.hyperledger.fabric.gateway.impl.ContractImpl.evaluateTransaction(ContractImpl.java:55)
	at application.java.App.main(App.java:101)
Caused by: io.grpc.StatusRuntimeException: UNKNOWN: error validating proposal: access denied: channel [mychannel] creator org [Org1MSP]
	at io.grpc.Status.asRuntimeException(Status.java:533)
	at io.grpc.stub.ClientCalls$UnaryStreamToFuture.onClose(ClientCalls.java:490)
	at io.grpc.PartialForwardingClientCallListener.onClose(PartialForwardingClientCallListener.java:39)
	at io.grpc.ForwardingClientCallListener.onClose(ForwardingClientCallListener.java:23)
	at io.grpc.ForwardingClientCallListener$SimpleForwardingClientCallListener.onClose(ForwardingClientCallListener.java:40)
	at io.grpc.internal.CensusStatsModule$StatsClientInterceptor$1$1.onClose(CensusStatsModule.java:700)
	at io.grpc.PartialForwardingClientCallListener.onClose(PartialForwardingClientCallListener.java:39)
	at io.grpc.ForwardingClientCallListener.onClose(ForwardingClientCallListener.java:23)
	at io.grpc.ForwardingClientCallListener$SimpleForwardingClientCallListener.onClose(ForwardingClientCallListener.java:40)
	at io.grpc.internal.CensusTracingModule$TracingClientInterceptor$1$1.onClose(CensusTracingModule.java:399)
	at io.grpc.internal.ClientCallImpl.closeObserver(ClientCallImpl.java:510)
	at io.grpc.internal.ClientCallImpl.access$300(ClientCallImpl.java:66)
	at io.grpc.internal.ClientCallImpl$ClientStreamListenerImpl.close(ClientCallImpl.java:630)
	at io.grpc.internal.ClientCallImpl$ClientStreamListenerImpl.access$700(ClientCallImpl.java:518)
	at io.grpc.internal.ClientCallImpl$ClientStreamListenerImpl$1StreamClosed.runInternal(ClientCallImpl.java:692)
	at io.grpc.internal.ClientCallImpl$ClientStreamListenerImpl$1StreamClosed.runInContext(ClientCallImpl.java:681)
	at io.grpc.internal.ContextRunnable.run(ContextRunnable.java:37)
	at io.grpc.internal.SerializingExecutor.run(SerializingExecutor.java:123)
	at java.base/java.util.concurrent.ThreadPoolExecutor.runWorker(ThreadPoolExecutor.java:1128)
	at java.base/java.util.concurrent.ThreadPoolExecutor$Worker.run(ThreadPoolExecutor.java:628)
	at java.base/java.lang.Thread.run(Thread.java:834)
ERROR	2021-02-04 14:08:59,290	1185	org.hyperledger.fabric.sdk.Channel	[main]	getConfigBlock for channel mychannel failed with peer peer0.org1.example.com.  Status FAILURE, details: Channel Channel{id: 1, name: mychannel} Sending proposal with transaction: c945e94fbfe2a69c2f9057daeff7d88c44a9c1d6225c9bc7e7d31bc0e6d9c288 to Peer{ id: 2, name: peer0.org1.example.com, channelName: mychannel, url: grpcs://localhost:7051, mspid: Org1MSP} failed because of: gRPC failure=Status{code=UNKNOWN, description=error validating proposal: access denied: channel [mychannel] creator org [Org1MSP], cause=null}
org.hyperledger.fabric.sdk.exception.ProposalException: getConfigBlock for channel mychannel failed with peer peer0.org1.example.com.  Status FAILURE, details: Channel Channel{id: 1, name: mychannel} Sending proposal with transaction: c945e94fbfe2a69c2f9057daeff7d88c44a9c1d6225c9bc7e7d31bc0e6d9c288 to Peer{ id: 2, name: peer0.org1.example.com, channelName: mychannel, url: grpcs://localhost:7051, mspid: Org1MSP} failed because of: gRPC failure=Status{code=UNKNOWN, description=error validating proposal: access denied: channel [mychannel] creator org [Org1MSP], cause=null}
	at org.hyperledger.fabric.sdk.Channel.getConfigBlock(Channel.java:952)
	at org.hyperledger.fabric.sdk.Channel.getConfigBlock(Channel.java:907)
	at org.hyperledger.fabric.sdk.Channel.parseConfigBlock(Channel.java:1994)
	at org.hyperledger.fabric.sdk.Channel.loadCACertificates(Channel.java:1831)
	at org.hyperledger.fabric.sdk.Channel.sendProposalToPeers(Channel.java:4881)
	at org.hyperledger.fabric.sdk.Channel.sendProposalToPeers(Channel.java:4868)
	at org.hyperledger.fabric.sdk.Channel.sendProposal(Channel.java:4844)
	at org.hyperledger.fabric.sdk.Channel.queryByChaincode(Channel.java:4762)
	at org.hyperledger.fabric.gateway.impl.query.QueryImpl.evaluate(QueryImpl.java:35)
	at org.hyperledger.fabric.gateway.impl.query.SingleQueryHandler.evaluate(SingleQueryHandler.java:43)
	at org.hyperledger.fabric.gateway.impl.TransactionImpl.evaluate(TransactionImpl.java:207)
	at org.hyperledger.fabric.gateway.impl.ContractImpl.evaluateTransaction(ContractImpl.java:55)
	at application.java.App.main(App.java:101)
